<?xml version="1.0" encoding="UTF-8"?>
<testsuite xmlns:xsi="http://www.w3.org/2001/XMLSchema-instance" xsi:noNamespaceSchemaLocation="https://maven.apache.org/surefire/maven-surefire-plugin/xsd/surefire-test-report.xsd" name="bgu.spl.mics.MessageBusImplTest" time="0.046" tests="4" errors="0" skipped="0" failures="0">
  <properties>
    <property name="sun.desktop" value="windows"/>
    <property name="awt.toolkit" value="sun.awt.windows.WToolkit"/>
    <property name="file.encoding.pkg" value="sun.io"/>
    <property name="java.specification.version" value="1.8"/>
    <property name="sun.cpu.isalist" value="amd64"/>
    <property name="sun.jnu.encoding" value="Cp1252"/>
    <property name="java.class.path" value="D:\School\3rd_semester\SPL\Assignments\SPL2\target\test-classes;D:\School\3rd_semester\SPL\Assignments\SPL2\target\classes;C:\Users\az123\.m2\repository\org\junit\jupiter\junit-jupiter-engine\5.6.0-M1\junit-jupiter-engine-5.6.0-M1.jar;C:\Users\az123\.m2\repository\org\apiguardian\apiguardian-api\1.1.0\apiguardian-api-1.1.0.jar;C:\Users\az123\.m2\repository\org\junit\platform\junit-platform-engine\1.6.0-M1\junit-platform-engine-1.6.0-M1.jar;C:\Users\az123\.m2\repository\org\opentest4j\opentest4j\1.2.0\opentest4j-1.2.0.jar;C:\Users\az123\.m2\repository\org\junit\platform\junit-platform-commons\1.6.0-M1\junit-platform-commons-1.6.0-M1.jar;C:\Users\az123\.m2\repository\org\junit\jupiter\junit-jupiter-api\5.6.0-M1\junit-jupiter-api-5.6.0-M1.jar;C:\Users\az123\.m2\repository\com\google\code\gson\gson\2.8.6\gson-2.8.6.jar;"/>
    <property name="java.vm.vendor" value="Oracle Corporation"/>
    <property name="sun.arch.data.model" value="64"/>
    <property name="user.variant" value=""/>
    <property name="java.vendor.url" value="http://java.oracle.com/"/>
    <property name="user.timezone" value="Asia/Jerusalem"/>
    <property name="java.vm.specification.version" value="1.8"/>
    <property name="os.name" value="Windows 10"/>
    <property name="user.country" value="US"/>
    <property name="sun.java.launcher" value="SUN_STANDARD"/>
    <property name="sun.boot.library.path" value="C:\Program Files\Java\jdk1.8.0_231\jre\bin"/>
    <property name="sun.java.command" value="C:\Users\az123\AppData\Local\Temp\surefire8710192447662970037\surefirebooter5041641336450771845.jar C:\Users\az123\AppData\Local\Temp\surefire8710192447662970037 2020-12-14T12-12-25_016-jvmRun1 surefire6001284028815213084tmp surefire_05893907638736123639tmp"/>
    <property name="surefire.test.class.path" value="D:\School\3rd_semester\SPL\Assignments\SPL2\target\test-classes;D:\School\3rd_semester\SPL\Assignments\SPL2\target\classes;C:\Users\az123\.m2\repository\org\junit\jupiter\junit-jupiter-engine\5.6.0-M1\junit-jupiter-engine-5.6.0-M1.jar;C:\Users\az123\.m2\repository\org\apiguardian\apiguardian-api\1.1.0\apiguardian-api-1.1.0.jar;C:\Users\az123\.m2\repository\org\junit\platform\junit-platform-engine\1.6.0-M1\junit-platform-engine-1.6.0-M1.jar;C:\Users\az123\.m2\repository\org\opentest4j\opentest4j\1.2.0\opentest4j-1.2.0.jar;C:\Users\az123\.m2\repository\org\junit\platform\junit-platform-commons\1.6.0-M1\junit-platform-commons-1.6.0-M1.jar;C:\Users\az123\.m2\repository\org\junit\jupiter\junit-jupiter-api\5.6.0-M1\junit-jupiter-api-5.6.0-M1.jar;C:\Users\az123\.m2\repository\com\google\code\gson\gson\2.8.6\gson-2.8.6.jar;"/>
    <property name="sun.cpu.endian" value="little"/>
    <property name="user.home" value="C:\Users\az123"/>
    <property name="user.language" value="en"/>
    <property name="java.specification.vendor" value="Oracle Corporation"/>
    <property name="java.home" value="C:\Program Files\Java\jdk1.8.0_231\jre"/>
    <property name="basedir" value="D:\School\3rd_semester\SPL\Assignments\SPL2"/>
    <property name="file.separator" value="\"/>
    <property name="line.separator" value="&#10;"/>
    <property name="java.vm.specification.vendor" value="Oracle Corporation"/>
    <property name="java.specification.name" value="Java Platform API Specification"/>
    <property name="java.awt.graphicsenv" value="sun.awt.Win32GraphicsEnvironment"/>
    <property name="surefire.real.class.path" value="C:\Users\az123\AppData\Local\Temp\surefire8710192447662970037\surefirebooter5041641336450771845.jar"/>
    <property name="sun.boot.class.path" value="C:\Program Files\Java\jdk1.8.0_231\jre\lib\resources.jar;C:\Program Files\Java\jdk1.8.0_231\jre\lib\rt.jar;C:\Program Files\Java\jdk1.8.0_231\jre\lib\sunrsasign.jar;C:\Program Files\Java\jdk1.8.0_231\jre\lib\jsse.jar;C:\Program Files\Java\jdk1.8.0_231\jre\lib\jce.jar;C:\Program Files\Java\jdk1.8.0_231\jre\lib\charsets.jar;C:\Program Files\Java\jdk1.8.0_231\jre\lib\jfr.jar;C:\Program Files\Java\jdk1.8.0_231\jre\classes"/>
    <property name="user.script" value=""/>
    <property name="sun.management.compiler" value="HotSpot 64-Bit Tiered Compilers"/>
    <property name="java.runtime.version" value="1.8.0_231-b11"/>
    <property name="user.name" value="az123"/>
    <property name="path.separator" value=";"/>
    <property name="os.version" value="10.0"/>
    <property name="java.endorsed.dirs" value="C:\Program Files\Java\jdk1.8.0_231\jre\lib\endorsed"/>
    <property name="java.runtime.name" value="Java(TM) SE Runtime Environment"/>
    <property name="file.encoding" value="Cp1252"/>
    <property name="java.vm.name" value="Java HotSpot(TM) 64-Bit Server VM"/>
    <property name="localRepository" value="C:\Users\az123\.m2\repository"/>
    <property name="java.vendor.url.bug" value="http://bugreport.sun.com/bugreport/"/>
    <property name="java.io.tmpdir" value="C:\Users\az123\AppData\Local\Temp\"/>
    <property name="idea.version" value="2020.2.4"/>
    <property name="java.version" value="1.8.0_231"/>
    <property name="user.dir" value="D:\School\3rd_semester\SPL\Assignments\SPL2"/>
    <property name="os.arch" value="amd64"/>
    <property name="java.vm.specification.name" value="Java Virtual Machine Specification"/>
    <property name="java.awt.printerjob" value="sun.awt.windows.WPrinterJob"/>
    <property name="sun.os.patch.level" value=""/>
    <property name="java.library.path" value="C:\Program Files\Java\jdk1.8.0_231\jre\bin;C:\WINDOWS\Sun\Java\bin;C:\WINDOWS\system32;C:\WINDOWS;C:\Program Files\AdoptOpenJDK\jdk-11.0.9.101-hotspot\bin;C:\Program Files (x86)\Common Files\Oracle\Java\javapath;C:\Program Files\Java\jdk1.8.0_231\bin;C:\Windows\system32;C:\Windows;C:\Windows\System32\Wbem;C:\Windows\System32\WindowsPowerShell\v1.0\;C:\Windows\System32\OpenSSH\;C:\Program Files (x86)\NVIDIA Corporation\PhysX\Common;C:\Program Files\Intel\WiFi\bin\;C:\Program Files\Common Files\Intel\WirelessCommon\;C:\Program Files\NVIDIA Corporation\NVIDIA NvDLISR;C:\WINDOWS\system32;C:\WINDOWS;C:\WINDOWS\System32\Wbem;C:\WINDOWS\System32\WindowsPowerShell\v1.0\;C:\WINDOWS\System32\OpenSSH\;C:\Program Files\dotnet\;C:\Program Files\Microsoft SQL Server\130\Tools\Binn\;C:\Program Files\Git\cmd;C:\Users\az123\AppData\Local\Microsoft\WindowsApps;C:\Users\az123\AppData\Local\Programs\Microsoft VS Code\bin;C:\Users\az123\AppData\Local\GitHubDesktop\bin;."/>
    <property name="java.vm.info" value="mixed mode"/>
    <property name="java.vendor" value="Oracle Corporation"/>
    <property name="java.vm.version" value="25.231-b11"/>
    <property name="java.ext.dirs" value="C:\Program Files\Java\jdk1.8.0_231\jre\lib\ext;C:\WINDOWS\Sun\Java\lib\ext"/>
    <property name="sun.io.unicode.encoding" value="UnicodeLittle"/>
    <property name="java.class.version" value="52.0"/>
  </properties>
  <testcase name="Scenario1" classname="bgu.spl.mics.MessageBusImplTest" time="0.043"/>
  <testcase name="Scenario2" classname="bgu.spl.mics.MessageBusImplTest" time="0.001"/>
  <testcase name="Scenario3" classname="bgu.spl.mics.MessageBusImplTest" time="0.001"/>
  <testcase name="Scenario4" classname="bgu.spl.mics.MessageBusImplTest" time="0"/>
</testsuite>